<?xml version="1.0" encoding="UTF-8"?>
<!-- Generated by org.testng.reporters.JUnitXMLReporter -->
<testsuite hostname="DESKTOP-F80RH02" ignored="0" name="Test" tests="2" failures="1" timestamp="2019-09-22T17:07:41 IST" time="34.951" errors="0">
  <testcase name="Support" time="26.903" classname="com.csg.tau.Support_test"/>
  <testcase name="f1" time="34.863" classname="com.csg.tau.Login_test">
    <failure type="java.lang.NullPointerException">
      <![CDATA[java.lang.NullPointerException
at org.openqa.selenium.support.ui.Select.<init>(Select.java:45)
at assi.Registerpage.<init>(Registerpage.java:34)
at com.csg.tau.Login_test.f1(Login_test.java:30)
at java.util.concurrent.ThreadPoolExecutor.runWorker(Unknown Source)
at java.util.concurrent.ThreadPoolExecutor$Worker.run(Unknown Source)
at java.lang.Thread.run(Unknown Source)
... Removed 12 stack frames]]>
    </failure>
  </testcase> <!-- f1 -->
</testsuite> <!-- Test -->
