<?xml version="1.0" encoding="UTF-8"?>
<testng-results skipped="0" failed="0" ignored="0" total="1" passed="1">
  <reporter-output>
  </reporter-output>
  <suite name="Default suite" duration-ms="644" started-at="2019-10-06T18:18:09 IST" finished-at="2019-10-06T18:18:10 IST">
    <groups>
    </groups>
    <test name="Default test" duration-ms="644" started-at="2019-10-06T18:18:09 IST" finished-at="2019-10-06T18:18:10 IST">
      <class name="com.csg.tau.Excelreader">
        <test-method status="PASS" signature="readData()[pri:0, instance:com.csg.tau.Excelreader@369f73a2]" name="readData" duration-ms="584" started-at="2019-10-06T18:18:09 IST" finished-at="2019-10-06T18:18:10 IST">
          <reporter-output>
          </reporter-output>
        </test-method> <!-- readData -->
      </class> <!-- com.csg.tau.Excelreader -->
    </test> <!-- Default test -->
  </suite> <!-- Default suite -->
</testng-results>
